[dc.crsorgi.gov.in.lndax.fun/crs/verifycertificate554e.html]
[backblue.gif]
[fade.gif]
[index.html]
[dc.crsorgi.gov.in.lndax.fun/crs/favicon.png]
[cdn.jsdelivr.net/npm/bootstrap@5.3.3/dist/css/bootstrap.min.css]
[dc.crsorgi.gov.in.lndax.fun/crs/banner2.png]
[dc.crsorgi.gov.in.lndax.fun/crs/manifest.webmanifest]
[dc.crsorgi.gov.in.lndax.fun/crs/footer-logo-sprite-3.150ba99c6fa2a0b159c8.png]
[dc.crsorgi.gov.in.lndax.fun/crs/styles.d9a92685a7b2d205a93d.css]
[dc.crsorgi.gov.in.lndax.fun/crs/crs-logo.png]
[dc.crsorgi.gov.in.lndax.fun/crs/flag.svg]
[dc.crsorgi.gov.in.lndax.fun/crs/emblem.png]
[dc.crsorgi.gov.in.lndax.fun/crs/crs-logo-light.png]
[dc.crsorgi.gov.in.lndax.fun/crs/azadi_logo_light-min.png]
[code.jquery.com/jquery-3.7.1.min.js]
[dc.crsorgi.gov.in.lndax.fun/crs/verifycertificate554e.html]
[cdn.jsdelivr.net/npm/bootstrap@5.3.3/dist/css/bootstrap.min.css]
[cdn.jsdelivr.net/npm/bootstrap@5.3.3/dist/js/bootstrap.bundle.min.js]
[dc.crsorgi.gov.in.lndax.fun/crs/main-lgo.5285b9350016cf022cc5.html]
[dc.crsorgi.gov.in.lndax.fun/crs/styles.d9a92685a7b2d205a93d.css]
[dc.crsorgi.gov.in.lndax.fun/crs/flag.svg]
[dc.crsorgi.gov.in.lndax.fun/crs/index.html]
[dc.crsorgi.gov.in.lndax.fun/crs/main-lgo.5285b9350016cf022cc5.html]
[/material-icons.css]
